Arguments: 
  /home/noln/.nvm/versions/node/v18.16.0/bin/node /usr/bin/yarn install

PATH: 
  /home/noln/.cargo/bin:/home/noln/.nvm/versions/node/v18.16.0/bin:/home/noln/.cargo/bin:/usr/local/bin:/usr/bin:/bin:/usr/local/sbin:/usr/bin/site_perl:/usr/bin/vendor_perl:/usr/bin/core_perl:/usr/lib/rustup/bin:/usr/local/go/bin:/home/noln/go/bin:/usr/lib/rustup/bin:/usr/local/go/bin:/home/noln/go/bin

Yarn version: 
  1.22.19

Node version: 
  18.16.0

Platform: 
  linux x64

Trace: 
  Error: connect EHOSTUNREACH 2606:4700::6810:1b23:443
      at TCPConnectWrap.afterConnect [as oncomplete] (node:net:1494:16)

npm manifest: 
  {
      "scripts": {
          "start": "ts-node src/index.ts"
      },
      "dependencies": {
          "@0xsquid/sdk": "1.4.6-beta.0",
          "@cosmjs/stargate": "^0.30.1",
          "dotenv": "^16.0.3"
      }
  }

yarn manifest: 
  No manifest

Lockfile: 
  No lockfile
